<?xml version="1.0" encoding="UTF-8"?>
<!-- Generated by org.testng.reporters.JUnitReportReporter -->
<testsuite hostname="DESKTOP-I5MV7FE" failures="0" tests="8" name="NewTest.Dribbble.AppTest" time="٢٠.٣٣٤" errors="0" timestamp="٢٠٢٥-٠٦-١٢T٢٣:٤٧:٠٠ غرينتش+٠٣:٠٠" skipped="7">
  <testcase classname="NewTest.Dribbble.AppTest" name="Contact_Us" time="٢٠.٣٣٤"/>
  <testcase classname="NewTest.Dribbble.AppTest" name="Popular_Designs">
    <skipped/>
  </testcase> <!-- Popular_Designs -->
  <testcase classname="NewTest.Dribbble.AppTest" name="ResponsiveTest">
    <skipped/>
  </testcase> <!-- ResponsiveTest -->
  <testcase classname="NewTest.Dribbble.AppTest" name="Find_job">
    <skipped/>
  </testcase> <!-- Find_job -->
  <testcase classname="NewTest.Dribbble.AppTest" name="Logout">
    <skipped/>
  </testcase> <!-- Logout -->
  <testcase classname="NewTest.Dribbble.AppTest" name="Sign_Up">
    <skipped/>
  </testcase> <!-- Sign_Up -->
  <testcase classname="NewTest.Dribbble.AppTest" name="Login">
    <skipped/>
  </testcase> <!-- Login -->
  <testcase classname="NewTest.Dribbble.AppTest" name="Actions">
    <skipped/>
  </testcase> <!-- Actions -->
</testsuite> <!-- NewTest.Dribbble.AppTest -->
